<?xml version="1.0" encoding="UTF-8"?>
<robot generator="Robot 7.1.1 (Python 3.10.12 on linux)" generated="2024-11-14T14:29:31.000540" rpa="false" schemaversion="5">
<suite id="s1" name="Tests" source="/home/sansilla/webcounter/webcounter/webcounter/src/tests">
<suite id="s1-s1" name="Increment" source="/home/sansilla/webcounter/webcounter/webcounter/src/tests/increment.robot">
<kw name="Open And Configure Browser" owner="resource" type="SETUP">
<if>
<branch type="IF" condition="$BROWSER == 'chrome'">
<kw name="Evaluate" owner="BuiltIn">
<msg time="2024-11-14T14:29:31.101528" level="INFO">${options} = &lt;selenium.webdriver.chrome.options.Options object at 0x7f0fe9dc56c0&gt;</msg>
<var>${options}</var>
<arg>sys.modules['selenium.webdriver'].ChromeOptions()</arg>
<arg>sys</arg>
<doc>Evaluates the given expression in Python and returns the result.</doc>
<status status="PASS" start="2024-11-14T14:29:31.101218" elapsed="0.000358"/>
</kw>
<status status="PASS" start="2024-11-14T14:29:31.098977" elapsed="0.002684"/>
</branch>
<branch type="ELSE IF" condition="$BROWSER == 'firefox'">
<kw name="Evaluate" owner="BuiltIn">
<var>${options}</var>
<arg>sys.modules['selenium.webdriver'].FirefoxOptions()</arg>
<arg>sys</arg>
<doc>Evaluates the given expression in Python and returns the result.</doc>
<status status="NOT RUN" start="2024-11-14T14:29:31.101803" elapsed="0.000025"/>
</kw>
<status status="NOT RUN" start="2024-11-14T14:29:31.101707" elapsed="0.000159"/>
</branch>
<status status="PASS" start="2024-11-14T14:29:31.098960" elapsed="0.002930"/>
</if>
<if>
<branch type="IF" condition="$HEADLESS == 'true'">
<kw name="Set Selenium Speed" owner="SeleniumLibrary">
<arg>0</arg>
<doc>Sets the delay that is waited after each Selenium command.</doc>
<status status="NOT RUN" start="2024-11-14T14:29:31.102094" elapsed="0.000020"/>
</kw>
<kw name="Call Method" owner="BuiltIn">
<arg>${options}</arg>
<arg>add_argument</arg>
<arg>--headless</arg>
<doc>Calls the named method of the given object with the provided arguments.</doc>
<status status="NOT RUN" start="2024-11-14T14:29:31.102179" elapsed="0.000017"/>
</kw>
<status status="NOT RUN" start="2024-11-14T14:29:31.101936" elapsed="0.000291"/>
</branch>
<branch type="ELSE">
<kw name="Set Selenium Speed" owner="SeleniumLibrary">
<arg>${DELAY}</arg>
<doc>Sets the delay that is waited after each Selenium command.</doc>
<status status="PASS" start="2024-11-14T14:29:31.102309" elapsed="0.000183"/>
</kw>
<status status="PASS" start="2024-11-14T14:29:31.102249" elapsed="0.000278"/>
</branch>
<status status="PASS" start="2024-11-14T14:29:31.101924" elapsed="0.000626"/>
</if>
<kw name="Open Browser" owner="SeleniumLibrary">
<msg time="2024-11-14T14:29:31.102809" level="INFO">Opening browser 'chrome' to base url 'None'.</msg>
<msg time="2024-11-14T14:29:31.147070" level="WARN">The chromedriver version (130.0.6723.91) detected in PATH at /usr/bin/chromedriver might not be compatible with the detected chrome version (131.0.6778.69); currently, chromedriver 131.0.6778.69 is recommended for chrome 131.*, so it is advised to delete the driver in PATH and retry</msg>
<arg>browser=${BROWSER}</arg>
<arg>options=${options}</arg>
<doc>Opens a new browser instance to the optional ``url``.</doc>
<status status="PASS" start="2024-11-14T14:29:31.102618" elapsed="0.439512"/>
</kw>
<status status="PASS" start="2024-11-14T14:29:31.098799" elapsed="0.443518"/>
</kw>
<test id="s1-s1-t1" name="At start the counter is zero" line="7">
<kw name="Go To" owner="SeleniumLibrary">
<msg time="2024-11-14T14:29:31.543252" level="INFO">Opening url 'http://localhost:5001'</msg>
<arg>${HOME_URL}</arg>
<doc>Navigates the current browser window to the provided ``url``.</doc>
<status status="PASS" start="2024-11-14T14:29:31.543006" elapsed="0.547107"/>
</kw>
<kw name="Title Should Be" owner="SeleniumLibrary">
<msg time="2024-11-14T14:29:32.595080" level="INFO">Page title is 'Laskuri'.</msg>
<arg>Laskuri</arg>
<doc>Verifies that the current page title equals ``title``.</doc>
<status status="PASS" start="2024-11-14T14:29:32.090377" elapsed="0.504832"/>
</kw>
<kw name="Page Should Contain" owner="SeleniumLibrary">
<msg time="2024-11-14T14:29:33.621773" level="INFO">Current page contains text 'nappia painettu 0 kertaa'.</msg>
<arg>nappia painettu 0 kertaa</arg>
<doc>Verifies that current page contains ``text``.</doc>
<status status="PASS" start="2024-11-14T14:29:32.595452" elapsed="1.026473"/>
</kw>
<status status="PASS" start="2024-11-14T14:29:31.542459" elapsed="2.079727"/>
</test>
<test id="s1-s1-t2" name="When button pressed twice the counter is two" line="12">
<kw name="Go To" owner="SeleniumLibrary">
<msg time="2024-11-14T14:29:33.622884" level="INFO">Opening url 'http://localhost:5001'</msg>
<arg>${HOME_URL}</arg>
<doc>Navigates the current browser window to the provided ``url``.</doc>
<status status="PASS" start="2024-11-14T14:29:33.622718" elapsed="0.515641"/>
</kw>
<kw name="Click Button" owner="SeleniumLibrary">
<msg time="2024-11-14T14:29:34.140019" level="INFO">Clicking button 'Paina'.</msg>
<arg>Paina</arg>
<doc>Clicks the button identified by ``locator``.</doc>
<status status="PASS" start="2024-11-14T14:29:34.139251" elapsed="1.566707"/>
</kw>
<kw name="Click Button" owner="SeleniumLibrary">
<msg time="2024-11-14T14:29:35.707132" level="INFO">Clicking button 'Paina'.</msg>
<arg>Paina</arg>
<doc>Clicks the button identified by ``locator``.</doc>
<status status="PASS" start="2024-11-14T14:29:35.706619" elapsed="1.554666"/>
</kw>
<kw name="Page Should Contain" owner="SeleniumLibrary">
<msg time="2024-11-14T14:29:38.288051" level="INFO">Current page contains text 'nappia painettu 2 kertaa'.</msg>
<arg>nappia painettu 2 kertaa</arg>
<doc>Verifies that current page contains ``text``.</doc>
<status status="PASS" start="2024-11-14T14:29:37.261853" elapsed="1.026485"/>
</kw>
<status status="PASS" start="2024-11-14T14:29:33.622406" elapsed="4.666420"/>
</test>
<kw name="Close Browser" owner="SeleniumLibrary" type="TEARDOWN">
<doc>Closes the current browser.</doc>
<status status="PASS" start="2024-11-14T14:29:38.290072" elapsed="0.559391"/>
</kw>
<status status="PASS" start="2024-11-14T14:29:31.014738" elapsed="7.834981"/>
</suite>
<suite id="s1-s2" name="Reset" source="/home/sansilla/webcounter/webcounter/webcounter/src/tests/reset.robot">
<kw name="Open And Configure Browser" owner="resource" type="SETUP">
<if>
<branch type="IF" condition="$BROWSER == 'chrome'">
<kw name="Evaluate" owner="BuiltIn">
<msg time="2024-11-14T14:29:38.857319" level="INFO">${options} = &lt;selenium.webdriver.chrome.options.Options object at 0x7f0fe9c5d6f0&gt;</msg>
<var>${options}</var>
<arg>sys.modules['selenium.webdriver'].ChromeOptions()</arg>
<arg>sys</arg>
<doc>Evaluates the given expression in Python and returns the result.</doc>
<status status="PASS" start="2024-11-14T14:29:38.856757" elapsed="0.000636"/>
</kw>
<status status="PASS" start="2024-11-14T14:29:38.856252" elapsed="0.001279"/>
</branch>
<branch type="ELSE IF" condition="$BROWSER == 'firefox'">
<kw name="Evaluate" owner="BuiltIn">
<var>${options}</var>
<arg>sys.modules['selenium.webdriver'].FirefoxOptions()</arg>
<arg>sys</arg>
<doc>Evaluates the given expression in Python and returns the result.</doc>
<status status="NOT RUN" start="2024-11-14T14:29:38.857847" elapsed="0.000059"/>
</kw>
<status status="NOT RUN" start="2024-11-14T14:29:38.857615" elapsed="0.000392"/>
</branch>
<status status="PASS" start="2024-11-14T14:29:38.856212" elapsed="0.001876"/>
</if>
<if>
<branch type="IF" condition="$HEADLESS == 'true'">
<kw name="Set Selenium Speed" owner="SeleniumLibrary">
<arg>0</arg>
<doc>Sets the delay that is waited after each Selenium command.</doc>
<status status="NOT RUN" start="2024-11-14T14:29:38.858567" elapsed="0.000056"/>
</kw>
<kw name="Call Method" owner="BuiltIn">
<arg>${options}</arg>
<arg>add_argument</arg>
<arg>--headless</arg>
<doc>Calls the named method of the given object with the provided arguments.</doc>
<status status="NOT RUN" start="2024-11-14T14:29:38.858813" elapsed="0.000051"/>
</kw>
<status status="NOT RUN" start="2024-11-14T14:29:38.858197" elapsed="0.000758"/>
</branch>
<branch type="ELSE">
<kw name="Set Selenium Speed" owner="SeleniumLibrary">
<arg>${DELAY}</arg>
<doc>Sets the delay that is waited after each Selenium command.</doc>
<status status="PASS" start="2024-11-14T14:29:38.859337" elapsed="0.000491"/>
</kw>
<status status="PASS" start="2024-11-14T14:29:38.859031" elapsed="0.000903"/>
</branch>
<status status="PASS" start="2024-11-14T14:29:38.858168" elapsed="0.001832"/>
</if>
<kw name="Open Browser" owner="SeleniumLibrary">
<msg time="2024-11-14T14:29:38.860681" level="INFO">Opening browser 'chrome' to base url 'None'.</msg>
<msg time="2024-11-14T14:29:38.909023" level="WARN">The chromedriver version (130.0.6723.91) detected in PATH at /usr/bin/chromedriver might not be compatible with the detected chrome version (131.0.6778.69); currently, chromedriver 131.0.6778.69 is recommended for chrome 131.*, so it is advised to delete the driver in PATH and retry</msg>
<arg>browser=${BROWSER}</arg>
<arg>options=${options}</arg>
<doc>Opens a new browser instance to the optional ``url``.</doc>
<status status="PASS" start="2024-11-14T14:29:38.860207" elapsed="0.393938"/>
</kw>
<status status="PASS" start="2024-11-14T14:29:38.855858" elapsed="0.398481"/>
</kw>
<test id="s1-s2-t1" name="When counter has a nonzero value and it is reset the value becomes zero" line="7">
<kw name="Go To" owner="SeleniumLibrary">
<msg time="2024-11-14T14:29:39.255421" level="INFO">Opening url 'http://localhost:5001'</msg>
<arg>${HOME_URL}</arg>
<doc>Navigates the current browser window to the provided ``url``.</doc>
<status status="PASS" start="2024-11-14T14:29:39.255122" elapsed="0.557765"/>
</kw>
<kw name="Click Button" owner="SeleniumLibrary">
<msg time="2024-11-14T14:29:39.813901" level="INFO">Clicking button 'Paina'.</msg>
<arg>Paina</arg>
<doc>Clicks the button identified by ``locator``.</doc>
<status status="PASS" start="2024-11-14T14:29:39.813459" elapsed="1.561766"/>
</kw>
<kw name="Click Button" owner="SeleniumLibrary">
<msg time="2024-11-14T14:29:41.375795" level="INFO">Clicking button 'Nollaa'.</msg>
<arg>Nollaa</arg>
<doc>Clicks the button identified by ``locator``.</doc>
<status status="PASS" start="2024-11-14T14:29:41.375531" elapsed="1.561372"/>
</kw>
<kw name="Page Should Contain" owner="SeleniumLibrary">
<msg time="2024-11-14T14:29:43.951194" level="INFO">Current page contains text 'nappia painettu 0 kertaa'.</msg>
<arg>nappia painettu 0 kertaa</arg>
<doc>Verifies that current page contains ``text``.</doc>
<status status="PASS" start="2024-11-14T14:29:42.937464" elapsed="1.014014"/>
</kw>
<status status="PASS" start="2024-11-14T14:29:39.254462" elapsed="4.697525"/>
</test>
<kw name="Close Browser" owner="SeleniumLibrary" type="TEARDOWN">
<doc>Closes the current browser.</doc>
<status status="PASS" start="2024-11-14T14:29:43.952896" elapsed="0.558281"/>
</kw>
<status status="PASS" start="2024-11-14T14:29:38.851079" elapsed="5.660249"/>
</suite>
<status status="PASS" start="2024-11-14T14:29:31.001206" elapsed="13.510765"/>
</suite>
<statistics>
<total>
<stat pass="3" fail="0" skip="0">All Tests</stat>
</total>
<tag>
</tag>
<suite>
<stat pass="3" fail="0" skip="0" id="s1" name="Tests">Tests</stat>
<stat pass="2" fail="0" skip="0" id="s1-s1" name="Increment">Tests.Increment</stat>
<stat pass="1" fail="0" skip="0" id="s1-s2" name="Reset">Tests.Reset</stat>
</suite>
</statistics>
<errors>
<msg time="2024-11-14T14:29:31.147070" level="WARN">The chromedriver version (130.0.6723.91) detected in PATH at /usr/bin/chromedriver might not be compatible with the detected chrome version (131.0.6778.69); currently, chromedriver 131.0.6778.69 is recommended for chrome 131.*, so it is advised to delete the driver in PATH and retry</msg>
<msg time="2024-11-14T14:29:38.909023" level="WARN">The chromedriver version (130.0.6723.91) detected in PATH at /usr/bin/chromedriver might not be compatible with the detected chrome version (131.0.6778.69); currently, chromedriver 131.0.6778.69 is recommended for chrome 131.*, so it is advised to delete the driver in PATH and retry</msg>
</errors>
</robot>
